[debug] [2024-11-07T02:29:52.856Z] [Firebase Plugin] Activating Firebase extension.
[debug] [2024-11-07T02:29:55.369Z] [Firebase Plugin] VSCode notification server listening on port 40001
[debug] [2024-11-07T02:29:56.667Z] I1106 20:29:56.644516   18908 control.go:45] [engine.Service /emulator/casa_pexoxos 250a] UpdateSchema(): done sources: schema\schema.gql [1370B] 
I1106 20:29:56.663041   18908 control.go:73] [engine.Service /emulator/casa_pexoxos 250a] UpdateConnector(default): done sources: connector\mutations.gql [1163B] connector\queries.gql [1847B] 
 {"metadata":{"emulator":{"name":"dataconnect"},"message":"I1106 20:29:56.644516   18908 control.go:45] [engine.Service /emulator/casa_pexoxos 250a] UpdateSchema(): done sources: schema\\schema.gql [1370B] \nI1106 20:29:56.663041   18908 control.go:73] [engine.Service /emulator/casa_pexoxos 250a] UpdateConnector(default): done sources: connector\\mutations.gql [1163B] connector\\queries.gql [1847B] \n"}}
[debug] [2024-11-07T02:29:57.262Z] Ignoring unsupported arg: auto_download {"metadata":{"emulator":{"name":"dataconnect"},"message":"Ignoring unsupported arg: auto_download"}}
[debug] [2024-11-07T02:29:57.263Z] Ignoring unsupported arg: port {"metadata":{"emulator":{"name":"dataconnect"},"message":"Ignoring unsupported arg: port"}}
[debug] [2024-11-07T02:29:57.263Z] Starting Data Connect Emulator with command {"binary":"C:\\Users\\javie\\.cache\\firebase\\emulators\\dataconnect-emulator-1.6.0.exe","args":["--logtostderr","-v=2","dev","--listen=localhost:50001","--config_dir=c:\\Users\\javie\\Documents\\Projects\\NodeJS\\ReactN\\Pexoxos_windows\\casa_pexoxos\\dataconnect","--enable_output_schema_extensions=true","--enable_output_generated_sdk=true"],"optionalArgs":["listen","config_dir","enable_output_schema_extensions","enable_output_generated_sdk"],"joinArgs":true,"shell":false,"port":9399} {"metadata":{"emulator":{"name":"dataconnect"},"message":"Starting Data Connect Emulator with command {\"binary\":\"C:\\\\Users\\\\javie\\\\.cache\\\\firebase\\\\emulators\\\\dataconnect-emulator-1.6.0.exe\",\"args\":[\"--logtostderr\",\"-v=2\",\"dev\",\"--listen=localhost:50001\",\"--config_dir=c:\\\\Users\\\\javie\\\\Documents\\\\Projects\\\\NodeJS\\\\ReactN\\\\Pexoxos_windows\\\\casa_pexoxos\\\\dataconnect\",\"--enable_output_schema_extensions=true\",\"--enable_output_generated_sdk=true\"],\"optionalArgs\":[\"listen\",\"config_dir\",\"enable_output_schema_extensions\",\"enable_output_generated_sdk\"],\"joinArgs\":true,\"shell\":false,\"port\":9399}"}}
[info] i  dataconnect: Data Connect Emulator logging to dataconnect-debug.log {"metadata":{"emulator":{"name":"dataconnect"},"message":"Data Connect Emulator logging to \u001b[1mdataconnect-debug.log\u001b[22m"}}
[debug] [2024-11-07T02:29:57.905Z] I1106 20:29:57.613303   16084 load.go:37] Reloading schema and connectors...
 {"metadata":{"emulator":{"name":"dataconnect"},"message":"I1106 20:29:57.613303   16084 load.go:37] Reloading schema and connectors...\n"}}
[debug] [2024-11-07T02:29:58.615Z] I1106 20:29:58.615010   16084 control.go:45] [engine.Service /emulator/casa_pexoxos 7fb1] UpdateSchema(): done sources: schema\schema.gql [1370B] 
 {"metadata":{"emulator":{"name":"dataconnect"},"message":"I1106 20:29:58.615010   16084 control.go:45] [engine.Service /emulator/casa_pexoxos 7fb1] UpdateSchema(): done sources: schema\\schema.gql [1370B] \n"}}
[debug] [2024-11-07T02:30:06.359Z] I1106 20:29:58.653711   16084 control.go:73] [engine.Service /emulator/casa_pexoxos 7fb1] UpdateConnector(default): done sources: connector\mutations.gql [1163B] connector\queries.gql [1847B] 
I1106 20:29:59.043027   16084 codegen.go:82] [connector "default" javascriptSdk] Generating sources into "c:\\Users\\javie\\Documents\\Projects\\NodeJS\\ReactN\\Pexoxos_windows\\casa_pexoxos\\dataconnect\\connector\\dataconnect-generated\\js\\default-connector"
I1106 20:29:59.049044   16084 collector.go:107] schema extensions wrote into "c:\\Users\\javie\\Documents\\Projects\\NodeJS\\ReactN\\Pexoxos_windows\\casa_pexoxos\\dataconnect\\.dataconnect\\schema"
Generated sources: prelude.gql [61293B] main\query.gql [1134B] main\mutation.gql [3401B] main\input.gql [2963B] 
I1106 20:29:59.052053   16084 collector.go:107] connector "default" javascriptSdk wrote into "c:\\Users\\javie\\Documents\\Projects\\NodeJS\\ReactN\\Pexoxos_windows\\casa_pexoxos\\dataconnect\\connector\\dataconnect-generated\\js\\default-connector"
Generated sources: index.d.ts [891B] esm\index.esm.js [667B] esm\package.json [17B] index.cjs.js [753B] package.json [623B] 
I1106 20:29:59.052053   16084 installsdk.go:128] generate.javascriptSdk.packageJsonDir is not specified, skipping automatic installation of JS package
I1106 20:29:59.052053   16084 load.go:115] Finished reloading
I1106 20:29:59.367417   16084 dev.go:95] Listening on address (HTTP + gRPC): 127.0.0.1:50001
 {"metadata":{"emulator":{"name":"dataconnect"},"message":"I1106 20:29:58.653711   16084 control.go:73] [engine.Service /emulator/casa_pexoxos 7fb1] UpdateConnector(default): done sources: connector\\mutations.gql [1163B] connector\\queries.gql [1847B] \nI1106 20:29:59.043027   16084 codegen.go:82] [connector \"default\" javascriptSdk] Generating sources into \"c:\\\\Users\\\\javie\\\\Documents\\\\Projects\\\\NodeJS\\\\ReactN\\\\Pexoxos_windows\\\\casa_pexoxos\\\\dataconnect\\\\connector\\\\dataconnect-generated\\\\js\\\\default-connector\"\nI1106 20:29:59.049044   16084 collector.go:107] schema extensions wrote into \"c:\\\\Users\\\\javie\\\\Documents\\\\Projects\\\\NodeJS\\\\ReactN\\\\Pexoxos_windows\\\\casa_pexoxos\\\\dataconnect\\\\.dataconnect\\\\schema\"\nGenerated sources: prelude.gql [61293B] main\\query.gql [1134B] main\\mutation.gql [3401B] main\\input.gql [2963B] \nI1106 20:29:59.052053   16084 collector.go:107] connector \"default\" javascriptSdk wrote into \"c:\\\\Users\\\\javie\\\\Documents\\\\Projects\\\\NodeJS\\\\ReactN\\\\Pexoxos_windows\\\\casa_pexoxos\\\\dataconnect\\\\connector\\\\dataconnect-generated\\\\js\\\\default-connector\"\nGenerated sources: index.d.ts [891B] esm\\index.esm.js [667B] esm\\package.json [17B] index.cjs.js [753B] package.json [623B] \nI1106 20:29:59.052053   16084 installsdk.go:128] generate.javascriptSdk.packageJsonDir is not specified, skipping automatic installation of JS package\nI1106 20:29:59.052053   16084 load.go:115] Finished reloading\nI1106 20:29:59.367417   16084 dev.go:95] Listening on address (HTTP + gRPC): 127.0.0.1:50001\n"}}
